[debug] [2022-08-10T17:17:55.950Z] ----------------------------------------------------------------------
[debug] [2022-08-10T17:17:55.953Z] Command:       C:\Program Files\nodejs\node.exe C:\Users\SABBIR AHMAD\AppData\Roaming\npm\node_modules\firebase-tools\lib\bin\firebase.js deploy
[debug] [2022-08-10T17:17:55.954Z] CLI Version:   10.7.0
[debug] [2022-08-10T17:17:55.954Z] Platform:      win32
[debug] [2022-08-10T17:17:55.954Z] Node Version:  v16.13.1
[debug] [2022-08-10T17:17:55.964Z] Time:          Wed Aug 10 2022 23:17:55 GMT+0600 (Bangladesh Standard Time)
[debug] [2022-08-10T17:17:55.964Z] ----------------------------------------------------------------------
[debug] 
[debug] [2022-08-10T17:17:55.971Z] >>> [apiv2][query] GET https://firebase-public.firebaseio.com/cli.json [none]
[debug] [2022-08-10T17:17:56.112Z] > command requires scopes: ["email","openid","https://www.googleapis.com/auth/cloudplatformprojects.readonly","https://www.googleapis.com/auth/firebase","https://www.googleapis.com/auth/cloud-platform"]
[debug] [2022-08-10T17:17:56.112Z] > authorizing via signed-in user (shahadat2772@gmail.com)
[debug] [2022-08-10T17:17:56.113Z] [iam] checking project shohoj-pay-app for permissions ["firebase.projects.get","firebasehosting.sites.update"]
[debug] [2022-08-10T17:17:56.114Z] > refreshing access token with scopes: []
[debug] [2022-08-10T17:17:56.115Z] >>> HTTP REQUEST POST https://www.googleapis.com/oauth2/v3/token  
 <request body omitted>
[debug] [2022-08-10T17:17:56.923Z] <<< HTTP RESPONSE 200 {"cache-control":"no-cache, no-store, max-age=0, must-revalidate","pragma":"no-cache","date":"Wed, 10 Aug 2022 17:17:56 GMT","expires":"Mon, 01 Jan 1990 00:00:00 GMT","content-type":"application/json; charset=utf-8","vary":"X-Origin, Referer, Origin,Accept-Encoding","server":"scaffolding on HTTPServer2","x-xss-protection":"0","x-frame-options":"SAMEORIGIN","x-content-type-options":"nosniff","alt-svc":"h3=\":443\"; ma=2592000,h3-29=\":443\"; ma=2592000,h3-Q050=\":443\"; ma=2592000,h3-Q046=\":443\"; ma=2592000,h3-Q043=\":443\"; ma=2592000,quic=\":443\"; ma=2592000; v=\"46,43\"","accept-ranges":"none","transfer-encoding":"chunked"}
[debug] [2022-08-10T17:17:56.938Z] >>> [apiv2][query] POST https://cloudresourcemanager.googleapis.com/v1/projects/shohoj-pay-app:testIamPermissions [none]
[debug] [2022-08-10T17:17:56.939Z] >>> [apiv2][body] POST https://cloudresourcemanager.googleapis.com/v1/projects/shohoj-pay-app:testIamPermissions {"permissions":["firebase.projects.get","firebasehosting.sites.update"]}
[debug] [2022-08-10T17:17:57.151Z] <<< [apiv2][status] GET https://firebase-public.firebaseio.com/cli.json 200
[debug] [2022-08-10T17:17:57.151Z] <<< [apiv2][body] GET https://firebase-public.firebaseio.com/cli.json {"cloudBuildErrorAfter":1594252800000,"cloudBuildWarnAfter":1590019200000,"defaultNode10After":1594252800000,"minVersion":"3.0.5","node8DeploysDisabledAfter":1613390400000,"node8RuntimeDisabledAfter":1615809600000,"node8WarnAfter":1600128000000}
[debug] [2022-08-10T17:17:58.466Z] <<< [apiv2][status] POST https://cloudresourcemanager.googleapis.com/v1/projects/shohoj-pay-app:testIamPermissions 200
[debug] [2022-08-10T17:17:58.466Z] <<< [apiv2][body] POST https://cloudresourcemanager.googleapis.com/v1/projects/shohoj-pay-app:testIamPermissions {}
[debug] [2022-08-10T17:17:58.467Z] [iam] error while checking permissions, command may fail: FirebaseError: Authorization failed. This account is missing the following required permissions on project shohoj-pay-app:

  firebase.projects.get
  firebasehosting.sites.update
[debug] [2022-08-10T17:17:58.469Z] >>> [apiv2][query] GET https://firebase.googleapis.com/v1beta1/projects/shohoj-pay-app [none]
[debug] [2022-08-10T17:17:59.244Z] <<< [apiv2][status] GET https://firebase.googleapis.com/v1beta1/projects/shohoj-pay-app 403
[debug] [2022-08-10T17:17:59.244Z] <<< [apiv2][body] GET https://firebase.googleapis.com/v1beta1/projects/shohoj-pay-app {"error":{"code":403,"message":"The caller does not have permission","status":"PERMISSION_DENIED"}}
[debug] [2022-08-10T17:17:59.245Z] HTTP Error: 403, The caller does not have permission
[debug] [2022-08-10T17:17:59.724Z] FirebaseError: HTTP Error: 403, The caller does not have permission
    at module.exports (C:\Users\SABBIR AHMAD\AppData\Roaming\npm\node_modules\firebase-tools\lib\responseToError.js:47:12)
    at RetryOperation._fn (C:\Users\SABBIR AHMAD\AppData\Roaming\npm\node_modules\firebase-tools\lib\apiv2.js:286:39)
    at processTicksAndRejections (node:internal/process/task_queues:96:5)
[error] 
[error] Error: Failed to get Firebase project shohoj-pay-app. Please make sure the project exists and your account has permission to access it.
